warning: ambiguous glob re-exports
  --> memflow/src/plugins/mod.rs:37:9
   |
37 | pub use logger::*; // TODO: restrict
   |         ^^^^^^^^^ the name `Metadata` in the type namespace is first re-exported here
...
44 | use log::*;
   |     ------ but the name `Metadata` in the type namespace is also re-exported here
   |
   = note: `#[warn(ambiguous_glob_reexports)]` on by default

warning: ambiguous glob re-exports
  --> memflow/src/plugins/mod.rs:37:9
   |
37 | pub use logger::*; // TODO: restrict
   |         ^^^^^^^^^ the name `Record` in the type namespace is first re-exported here
...
44 | use log::*;
   |     ------ but the name `Record` in the type namespace is also re-exported here

warning: ambiguous glob re-exports
   --> memflow/src/lib.rs:286:17
    |
286 |         pub use crate::os::*;
    |                 ^^^^^^^^^^^^ the name `util` in the type namespace is first re-exported here
...
291 |         pub use crate::types::*;
    |                 --------------- but the name `util` in the type namespace is also re-exported here

warning: `memflow` (lib) generated 3 warnings
    Finished dev [unoptimized + debuginfo] target(s) in 0.09s
warning: the following packages contain code that will be rejected by a future version of Rust: criterion v0.3.2 (https://github.com/h33p/criterion.rs.git?branch=tput#e6a0f215)
note: to see what the problems were, use the option `--future-incompat-report`, or run `cargo report future-incompatibilities --id 1`
warning: ambiguous glob re-exports
  --> memflow/src/plugins/mod.rs:37:9
   |
37 | pub use logger::*; // TODO: restrict
   |         ^^^^^^^^^ the name `Metadata` in the type namespace is first re-exported here
...
44 | use log::*;
   |     ------ but the name `Metadata` in the type namespace is also re-exported here
   |
   = note: `#[warn(ambiguous_glob_reexports)]` on by default

warning: ambiguous glob re-exports
  --> memflow/src/plugins/mod.rs:37:9
   |
37 | pub use logger::*; // TODO: restrict
   |         ^^^^^^^^^ the name `Record` in the type namespace is first re-exported here
...
44 | use log::*;
   |     ------ but the name `Record` in the type namespace is also re-exported here

warning: ambiguous glob re-exports
   --> memflow/src/lib.rs:286:17
    |
286 |         pub use crate::os::*;
    |                 ^^^^^^^^^^^^ the name `util` in the type namespace is first re-exported here
...
291 |         pub use crate::types::*;
    |                 --------------- but the name `util` in the type namespace is also re-exported here

warning: `memflow` (lib) generated 3 warnings
    Finished release [optimized] target(s) in 0.07s
warning: the following packages contain code that will be rejected by a future version of Rust: criterion v0.3.2 (https://github.com/h33p/criterion.rs.git?branch=tput#e6a0f215)
note: to see what the problems were, use the option `--future-incompat-report`, or run `cargo report future-incompatibilities --id 1`
